# JRE version: OpenJDK Runtime Environment (8.0_212-b04) (build 1.8.0_212-release-1586-b04)
# Java VM: OpenJDK 64-Bit Server VM (25.212-b04 mixed mode windows-amd64 compressed oops)
Heap:
 PSYoungGen      total 77824K, used 16671K [0x00000000e0980000, 0x00000000e6900000, 0x0000000100000000)
  eden space 65024K, 25% used [0x00000000e0980000,0x00000000e19c7c98,0x00000000e4900000)
  from space 12800K, 0% used [0x00000000e5800000,0x00000000e5800000,0x00000000e6480000)
  to   space 15360K, 0% used [0x00000000e4900000,0x00000000e4900000,0x00000000e5800000)
 ParOldGen       total 98304K, used 20881K [0x00000000a1c00000, 0x00000000a7c00000, 0x00000000e0980000)
  object space 98304K, 21% used [0x00000000a1c00000,0x00000000a3064750,0x00000000a7c00000)
 Metaspace       used 36800K, capacity 37339K, committed 37680K, reserved 1081344K
  class space    used 4686K, capacity 4826K, committed 4912K, reserved 1048576K
GC Heap History (10 events):
Event: 2.989 GC heap before
{Heap before GC invocations=4 (full 0):
 PSYoungGen      total 28672K, used 15133K [0x00000000e0980000, 0x00000000e4180000, 0x0000000100000000)
  eden space 24576K, 44% used [0x00000000e0980000,0x00000000e144b758,0x00000000e2180000)
  from space 4096K, 99% used [0x00000000e2180000,0x00000000e257c020,0x00000000e2580000)
  to   space 4096K, 0% used [0x00000000e3d80000,0x00000000e3d80000,0x00000000e4180000)
 ParOldGen       total 65536K, used 10588K [0x00000000a1c00000, 0x00000000a5c00000, 0x00000000e0980000)
  object space 65536K, 16% used [0x00000000a1c00000,0x00000000a2657148,0x00000000a5c00000)
 Metaspace       used 20842K, capacity 21257K, committed 21296K, reserved 1069056K
  class space    used 2455K, capacity 2593K, committed 2608K, reserved 1048576K
Event: 3.010 GC heap after
Heap after GC invocations=4 (full 0):
 PSYoungGen      total 53248K, used 4080K [0x00000000e0980000, 0x00000000e4180000, 0x0000000100000000)
  eden space 49152K, 0% used [0x00000000e0980000,0x00000000e0980000,0x00000000e3980000)
  from space 4096K, 99% used [0x00000000e3d80000,0x00000000e417c020,0x00000000e4180000)
  to   space 4096K, 0% used [0x00000000e3980000,0x00000000e3980000,0x00000000e3d80000)
 ParOldGen       total 65536K, used 13107K [0x00000000a1c00000, 0x00000000a5c00000, 0x00000000e0980000)
  object space 65536K, 19% used [0x00000000a1c00000,0x00000000a28cccc0,0x00000000a5c00000)
 Metaspace       used 20842K, capacity 21257K, committed 21296K, reserved 1069056K
  class space    used 2455K, capacity 2593K, committed 2608K, reserved 1048576K
}
Event: 3.010 GC heap before
{Heap before GC invocations=5 (full 1):
 PSYoungGen      total 53248K, used 4080K [0x00000000e0980000, 0x00000000e4180000, 0x0000000100000000)
  eden space 49152K, 0% used [0x00000000e0980000,0x00000000e0980000,0x00000000e3980000)
  from space 4096K, 99% used [0x00000000e3d80000,0x00000000e417c020,0x00000000e4180000)
  to   space 4096K, 0% used [0x00000000e3980000,0x00000000e3980000,0x00000000e3d80000)
 ParOldGen       total 65536K, used 13107K [0x00000000a1c00000, 0x00000000a5c00000, 0x00000000e0980000)
  object space 65536K, 19% used [0x00000000a1c00000,0x00000000a28cccc0,0x00000000a5c00000)
 Metaspace       used 20842K, capacity 21257K, committed 21296K, reserved 1069056K
  class space    used 2455K, capacity 2593K, committed 2608K, reserved 1048576K
Event: 3.108 GC heap after
Heap after GC invocations=5 (full 1):
 PSYoungGen      total 53248K, used 0K [0x00000000e0980000, 0x00000000e4180000, 0x0000000100000000)
  eden space 49152K, 0% used [0x00000000e0980000,0x00000000e0980000,0x00000000e3980000)
  from space 4096K, 0% used [0x00000000e3d80000,0x00000000e3d80000,0x00000000e4180000)
  to   space 4096K, 0% used [0x00000000e3980000,0x00000000e3980000,0x00000000e3d80000)
 ParOldGen       total 53760K, used 7877K [0x00000000a1c00000, 0x00000000a5080000, 0x00000000e0980000)
  object space 53760K, 14% used [0x00000000a1c00000,0x00000000a23b1658,0x00000000a5080000)
 Metaspace       used 20842K, capacity 21257K, committed 21296K, reserved 1069056K
  class space    used 2455K, capacity 2593K, committed 2608K, reserved 1048576K
}
Event: 4.708 GC heap before
{Heap before GC invocations=6 (full 1):
 PSYoungGen      total 53248K, used 49152K [0x00000000e0980000, 0x00000000e4180000, 0x0000000100000000)
  eden space 49152K, 100% used [0x00000000e0980000,0x00000000e3980000,0x00000000e3980000)
  from space 4096K, 0% used [0x00000000e3d80000,0x00000000e3d80000,0x00000000e4180000)
  to   space 4096K, 0% used [0x00000000e3980000,0x00000000e3980000,0x00000000e3d80000)
 ParOldGen       total 53760K, used 7877K [0x00000000a1c00000, 0x00000000a5080000, 0x00000000e0980000)
  object space 53760K, 14% used [0x00000000a1c00000,0x00000000a23b1658,0x00000000a5080000)
 Metaspace       used 27390K, capacity 27854K, committed 28080K, reserved 1073152K
  class space    used 3261K, capacity 3414K, committed 3504K, reserved 1048576K
Event: 4.730 GC heap after
Heap after GC invocations=6 (full 1):
 PSYoungGen      total 53248K, used 4066K [0x00000000e0980000, 0x00000000e6480000, 0x0000000100000000)
  eden space 49152K, 0% used [0x00000000e0980000,0x00000000e0980000,0x00000000e3980000)
  from space 4096K, 99% used [0x00000000e3980000,0x00000000e3d78918,0x00000000e3d80000)
  to   space 12800K, 0% used [0x00000000e5800000,0x00000000e5800000,0x00000000e6480000)
 ParOldGen       total 53760K, used 15945K [0x00000000a1c00000, 0x00000000a5080000, 0x00000000e0980000)
  object space 53760K, 29% used [0x00000000a1c00000,0x00000000a2b92698,0x00000000a5080000)
 Metaspace       used 27390K, capacity 27854K, committed 28080K, reserved 1073152K
  class space    used 3261K, capacity 3414K, committed 3504K, reserved 1048576K
}
Event: 5.982 GC heap before
{Heap before GC invocations=7 (full 1):
 PSYoungGen      total 53248K, used 39431K [0x00000000e0980000, 0x00000000e6480000, 0x0000000100000000)
  eden space 49152K, 71% used [0x00000000e0980000,0x00000000e2c09668,0x00000000e3980000)
  from space 4096K, 99% used [0x00000000e3980000,0x00000000e3d78918,0x00000000e3d80000)
  to   space 12800K, 0% used [0x00000000e5800000,0x00000000e5800000,0x00000000e6480000)
 ParOldGen       total 53760K, used 15945K [0x00000000a1c00000, 0x00000000a5080000, 0x00000000e0980000)
  object space 53760K, 29% used [0x00000000a1c00000,0x00000000a2b92698,0x00000000a5080000)
 Metaspace       used 34605K, capacity 35123K, committed 35496K, reserved 1081344K
  class space    used 4407K, capacity 4548K, committed 4656K, reserved 1048576K
Event: 6.000 GC heap after
Heap after GC invocations=7 (full 1):
 PSYoungGen      total 77824K, used 12798K [0x00000000e0980000, 0x00000000e6900000, 0x0000000100000000)
  eden space 65024K, 0% used [0x00000000e0980000,0x00000000e0980000,0x00000000e4900000)
  from space 12800K, 99% used [0x00000000e5800000,0x00000000e647f8a0,0x00000000e6480000)
  to   space 15360K, 0% used [0x00000000e4900000,0x00000000e4900000,0x00000000e5800000)
 ParOldGen       total 53760K, used 17015K [0x00000000a1c00000, 0x00000000a5080000, 0x00000000e0980000)
  object space 53760K, 31% used [0x00000000a1c00000,0x00000000a2c9ddd0,0x00000000a5080000)
 Metaspace       used 34605K, capacity 35123K, committed 35496K, reserved 1081344K
  class space    used 4407K, capacity 4548K, committed 4656K, reserved 1048576K
}
Event: 6.000 GC heap before
{Heap before GC invocations=8 (full 2):
 PSYoungGen      total 77824K, used 12798K [0x00000000e0980000, 0x00000000e6900000, 0x0000000100000000)
  eden space 65024K, 0% used [0x00000000e0980000,0x00000000e0980000,0x00000000e4900000)
  from space 12800K, 99% used [0x00000000e5800000,0x00000000e647f8a0,0x00000000e6480000)
  to   space 15360K, 0% used [0x00000000e4900000,0x00000000e4900000,0x00000000e5800000)
 ParOldGen       total 53760K, used 17015K [0x00000000a1c00000, 0x00000000a5080000, 0x00000000e0980000)
  object space 53760K, 31% used [0x00000000a1c00000,0x00000000a2c9ddd0,0x00000000a5080000)
 Metaspace       used 34605K, capacity 35123K, committed 35496K, reserved 1081344K
  class space    used 4407K, capacity 4548K, committed 4656K, reserved 1048576K
Event: 6.198 GC heap after
Heap after GC invocations=8 (full 2):
 PSYoungGen      total 77824K, used 0K [0x00000000e0980000, 0x00000000e6900000, 0x0000000100000000)
  eden space 65024K, 0% used [0x00000000e0980000,0x00000000e0980000,0x00000000e4900000)
  from space 12800K, 0% used [0x00000000e5800000,0x00000000e5800000,0x00000000e6480000)
  to   space 15360K, 0% used [0x00000000e4900000,0x00000000e4900000,0x00000000e5800000)
 ParOldGen       total 98304K, used 20881K [0x00000000a1c00000, 0x00000000a7c00000, 0x00000000e0980000)
  object space 98304K, 21% used [0x00000000a1c00000,0x00000000a3064750,0x00000000a7c00000)
 Metaspace       used 34605K, capacity 35123K, committed 35496K, reserved 1081344K
  class space    used 4407K, capacity 4548K, committed 4656K, reserved 1048576K
}

